{
  "stats": {
    "suites": 2,
    "tests": 8,
    "passes": 7,
    "pending": 0,
    "failures": 1,
    "start": "2025-06-07T20:33:46.358Z",
    "end": "2025-06-07T20:33:46.479Z",
    "duration": 121,
    "testsRegistered": 8,
    "passPercent": 87.5,
    "pendingPercent": 0,
    "other": 0,
    "hasOther": false,
    "skipped": 0,
    "hasSkipped": false
  },
  "results": [
    {
      "uuid": "c351b9e5-9239-4ef3-b672-7f854ed017cf",
      "title": "",
      "fullFile": "",
      "file": "",
      "beforeHooks": [],
      "afterHooks": [],
      "tests": [],
      "suites": [
        {
          "uuid": "209e8c25-cdaa-4a83-9a45-4890a1e03776",
          "title": "Testes do Projeto",
          "fullFile": "C:\\Users\\User\\Renata\\PosGraduacao\\ProjetosJavaScript\\pgats-programacao-js\\testes\\01-testes.js",
          "file": "\\testes\\01-testes.js",
          "beforeHooks": [],
          "afterHooks": [],
          "tests": [
            {
              "title": "deve exibir o nome do dog com letras maiúsculas",
              "fullTitle": "Testes do Projeto deve exibir o nome do dog com letras maiúsculas",
              "timedOut": false,
              "duration": 0,
              "state": "passed",
              "speed": "fast",
              "pass": true,
              "fail": false,
              "pending": false,
              "context": null,
              "code": "assert.strictEqual(exibirNomeDogFormatado('Mimosa'), 'MIMOSA')\n// verifique se: valor atual é igual ao valor esperado",
              "err": {},
              "uuid": "16fa2120-0369-4515-b9f6-28f391527574",
              "parentUUID": "209e8c25-cdaa-4a83-9a45-4890a1e03776",
              "isHook": false,
              "skipped": false
            },
            {
              "title": "primeiro teste",
              "fullTitle": "Testes do Projeto primeiro teste",
              "timedOut": false,
              "duration": 0,
              "state": "passed",
              "speed": "fast",
              "pass": true,
              "fail": false,
              "pending": false,
              "context": null,
              "code": "",
              "err": {},
              "uuid": "72296540-8d28-47c6-ab3a-30fd7348487f",
              "parentUUID": "209e8c25-cdaa-4a83-9a45-4890a1e03776",
              "isHook": false,
              "skipped": false
            },
            {
              "title": "segundo teste",
              "fullTitle": "Testes do Projeto segundo teste",
              "timedOut": false,
              "duration": 0,
              "state": "failed",
              "speed": null,
              "pass": false,
              "fail": true,
              "pending": false,
              "context": null,
              "code": "throw new Error()",
              "err": {
                "message": "Error",
                "estack": "Error\n    at Context.<anonymous> (file:///C:/Users/User/Renata/PosGraduacao/ProjetosJavaScript/pgats-programacao-js/testes/01-testes.js:31:15)\n    at process.processImmediate (node:internal/timers:491:21)",
                "diff": null
              },
              "uuid": "f13970f8-3cd1-4f2e-8da9-cbe8bb134d78",
              "parentUUID": "209e8c25-cdaa-4a83-9a45-4890a1e03776",
              "isHook": false,
              "skipped": false
            }
          ],
          "suites": [],
          "passes": [
            "16fa2120-0369-4515-b9f6-28f391527574",
            "72296540-8d28-47c6-ab3a-30fd7348487f"
          ],
          "failures": [
            "f13970f8-3cd1-4f2e-8da9-cbe8bb134d78"
          ],
          "pending": [],
          "skipped": [],
          "duration": 0,
          "root": false,
          "rootEmpty": false,
          "_timeout": 2000
        },
        {
          "uuid": "3e60b682-2148-4ef0-8830-7b44b3a506b3",
          "title": "Testes da disciplina - fundamentos JS",
          "fullFile": "C:\\Users\\User\\Renata\\PosGraduacao\\ProjetosJavaScript\\pgats-programacao-js\\testes\\trabalho-final.js",
          "file": "\\testes\\trabalho-final.js",
          "beforeHooks": [],
          "afterHooks": [],
          "tests": [
            {
              "title": "QUANDO informar um nome para o Pet, DEVE ser impresso na tag com letras maiúsculas",
              "fullTitle": "Testes da disciplina - fundamentos JS QUANDO informar um nome para o Pet, DEVE ser impresso na tag com letras maiúsculas",
              "timedOut": false,
              "duration": 0,
              "state": "passed",
              "speed": "fast",
              "pass": true,
              "fail": false,
              "pending": false,
              "context": null,
              "code": "assert.strictEqual(geradorDeTagsDeIdentificacao('Pantera'), 'PANTERA');",
              "err": {},
              "uuid": "66ae4c22-aec8-4a07-8876-adf206c58a60",
              "parentUUID": "3e60b682-2148-4ef0-8830-7b44b3a506b3",
              "isHook": false,
              "skipped": false
            },
            {
              "title": "QUANDO a idade = 1 + porte M, DEVE ser permitida a adoção",
              "fullTitle": "Testes da disciplina - fundamentos JS QUANDO a idade = 1 + porte M, DEVE ser permitida a adoção",
              "timedOut": false,
              "duration": 1,
              "state": "passed",
              "speed": "fast",
              "pass": true,
              "fail": false,
              "pending": false,
              "context": null,
              "code": "assert.strictEqual(verificarSePodeSerAdotado(1, 'M'), true)",
              "err": {},
              "uuid": "9154202f-e3bf-4972-b2e1-4f86198f0040",
              "parentUUID": "3e60b682-2148-4ef0-8830-7b44b3a506b3",
              "isHook": false,
              "skipped": false
            },
            {
              "title": "QUANDO o peso = 14.5, DEVE ser retornado 4350 gramas para o consumo diário",
              "fullTitle": "Testes da disciplina - fundamentos JS QUANDO o peso = 14.5, DEVE ser retornado 4350 gramas para o consumo diário",
              "timedOut": false,
              "duration": 0,
              "state": "passed",
              "speed": "fast",
              "pass": true,
              "fail": false,
              "pending": false,
              "context": null,
              "code": "assert.strictEqual(calcularConsumoDeRacao('Pitoco', 1, 14.5), 4350)",
              "err": {},
              "uuid": "1d77a2db-ea31-4057-b3b4-47d0b16adc27",
              "parentUUID": "3e60b682-2148-4ef0-8830-7b44b3a506b3",
              "isHook": false,
              "skipped": false
            },
            {
              "title": "QUANDO o porte = pequeno, DEVE ser retornada a atividade adequada",
              "fullTitle": "Testes da disciplina - fundamentos JS QUANDO o porte = pequeno, DEVE ser retornada a atividade adequada",
              "timedOut": false,
              "duration": 0,
              "state": "passed",
              "speed": "fast",
              "pass": true,
              "fail": false,
              "pending": false,
              "context": null,
              "code": "assert.strictEqual(decidirTipoDeAtividadePorPorte('pequeno'), 'brincar dentro de casa')",
              "err": {},
              "uuid": "fda7a7f7-0699-4197-a06e-700ce56915e1",
              "parentUUID": "3e60b682-2148-4ef0-8830-7b44b3a506b3",
              "isHook": false,
              "skipped": false
            },
            {
              "title": "QUANDO buscar dado de exemplo, DEVE retornar um valor de forma assíncrona",
              "fullTitle": "Testes da disciplina - fundamentos JS QUANDO buscar dado de exemplo, DEVE retornar um valor de forma assíncrona",
              "timedOut": false,
              "duration": 112,
              "state": "passed",
              "speed": "slow",
              "pass": true,
              "fail": false,
              "pending": false,
              "context": null,
              "code": "const resultado = await buscarDadoAsync();\nassert.strictEqual(resultado, 'Pipoca');",
              "err": {},
              "uuid": "04864f91-9f22-49e8-86cc-f146030cfa40",
              "parentUUID": "3e60b682-2148-4ef0-8830-7b44b3a506b3",
              "isHook": false,
              "skipped": false
            }
          ],
          "suites": [],
          "passes": [
            "66ae4c22-aec8-4a07-8876-adf206c58a60",
            "9154202f-e3bf-4972-b2e1-4f86198f0040",
            "1d77a2db-ea31-4057-b3b4-47d0b16adc27",
            "fda7a7f7-0699-4197-a06e-700ce56915e1",
            "04864f91-9f22-49e8-86cc-f146030cfa40"
          ],
          "failures": [],
          "pending": [],
          "skipped": [],
          "duration": 113,
          "root": false,
          "rootEmpty": false,
          "_timeout": 2000
        }
      ],
      "passes": [],
      "failures": [],
      "pending": [],
      "skipped": [],
      "duration": 0,
      "root": true,
      "rootEmpty": true,
      "_timeout": 2000
    }
  ],
  "meta": {
    "mocha": {
      "version": "11.5.0"
    },
    "mochawesome": {
      "options": {
        "quiet": false,
        "reportFilename": "mochawesome",
        "saveHtml": true,
        "saveJson": true,
        "consoleReporter": "spec",
        "useInlineDiffs": false,
        "code": true
      },
      "version": "7.1.3"
    },
    "marge": {
      "options": {
        "reportDir": "mochawesome-report",
        "reportFilename": "mochawesome"
      },
      "version": "6.2.0"
    }
  }
}