{
  "stats": {
    "suites": 1,
    "tests": 5,
    "passes": 5,
    "pending": 0,
    "failures": 0,
    "start": "2025-06-07T21:13:15.878Z",
    "end": "2025-06-07T21:13:16.005Z",
    "duration": 127,
    "testsRegistered": 5,
    "passPercent": 100,
    "pendingPercent": 0,
    "other": 0,
    "hasOther": false,
    "skipped": 0,
    "hasSkipped": false
  },
  "results": [
    {
      "uuid": "fc60909b-6415-4c3f-b206-d575713467d2",
      "title": "",
      "fullFile": "C:\\Users\\User\\Renata\\PosGraduacao\\ProjetosJavaScript\\pgats-programacao-js\\testes\\trabalho-final.js",
      "file": "\\testes\\trabalho-final.js",
      "beforeHooks": [],
      "afterHooks": [],
      "tests": [],
      "suites": [
        {
          "uuid": "630dc0ba-d005-4c77-825f-2f4c350b4987",
          "title": "Testes da disciplina - fundamentos JS",
          "fullFile": "C:\\Users\\User\\Renata\\PosGraduacao\\ProjetosJavaScript\\pgats-programacao-js\\testes\\trabalho-final.js",
          "file": "\\testes\\trabalho-final.js",
          "beforeHooks": [],
          "afterHooks": [],
          "tests": [
            {
              "title": "QUANDO informar um nome para o Pet, DEVE ser impresso na tag com letras maiúsculas",
              "fullTitle": "Testes da disciplina - fundamentos JS QUANDO informar um nome para o Pet, DEVE ser impresso na tag com letras maiúsculas",
              "timedOut": false,
              "duration": 0,
              "state": "passed",
              "speed": "fast",
              "pass": true,
              "fail": false,
              "pending": false,
              "context": null,
              "code": "assert.strictEqual(geradorDeTagsDeIdentificacao('Pantera'), 'PANTERA');",
              "err": {},
              "uuid": "b50147e0-0f11-4fcc-a873-cd1ab1cff606",
              "parentUUID": "630dc0ba-d005-4c77-825f-2f4c350b4987",
              "isHook": false,
              "skipped": false
            },
            {
              "title": "QUANDO a idade = 1 + porte M, DEVE ser permitida a adoção",
              "fullTitle": "Testes da disciplina - fundamentos JS QUANDO a idade = 1 + porte M, DEVE ser permitida a adoção",
              "timedOut": false,
              "duration": 0,
              "state": "passed",
              "speed": "fast",
              "pass": true,
              "fail": false,
              "pending": false,
              "context": null,
              "code": "assert.strictEqual(verificarSePodeSerAdotado(1, 'M'), true)",
              "err": {},
              "uuid": "d179d5b1-722e-4bdf-9685-8ab2ad00efc3",
              "parentUUID": "630dc0ba-d005-4c77-825f-2f4c350b4987",
              "isHook": false,
              "skipped": false
            },
            {
              "title": "QUANDO o peso = 14.5, DEVE ser retornado 4350 gramas para o consumo diário",
              "fullTitle": "Testes da disciplina - fundamentos JS QUANDO o peso = 14.5, DEVE ser retornado 4350 gramas para o consumo diário",
              "timedOut": false,
              "duration": 0,
              "state": "passed",
              "speed": "fast",
              "pass": true,
              "fail": false,
              "pending": false,
              "context": null,
              "code": "assert.strictEqual(calcularConsumoDeRacao('Pitoco', 1, 14.5), 4350)",
              "err": {},
              "uuid": "49e1554c-21f3-4a20-b58f-0622e687ab1c",
              "parentUUID": "630dc0ba-d005-4c77-825f-2f4c350b4987",
              "isHook": false,
              "skipped": false
            },
            {
              "title": "QUANDO o porte = pequeno, DEVE ser retornada a atividade adequada",
              "fullTitle": "Testes da disciplina - fundamentos JS QUANDO o porte = pequeno, DEVE ser retornada a atividade adequada",
              "timedOut": false,
              "duration": 0,
              "state": "passed",
              "speed": "fast",
              "pass": true,
              "fail": false,
              "pending": false,
              "context": null,
              "code": "assert.strictEqual(decidirTipoDeAtividadePorPorte('pequeno'), 'brincar dentro de casa')",
              "err": {},
              "uuid": "37f29764-48df-4a13-8535-b3a8a57af286",
              "parentUUID": "630dc0ba-d005-4c77-825f-2f4c350b4987",
              "isHook": false,
              "skipped": false
            },
            {
              "title": "QUANDO buscar dado de exemplo, DEVE retornar um valor de forma assíncrona",
              "fullTitle": "Testes da disciplina - fundamentos JS QUANDO buscar dado de exemplo, DEVE retornar um valor de forma assíncrona",
              "timedOut": false,
              "duration": 119,
              "state": "passed",
              "speed": "slow",
              "pass": true,
              "fail": false,
              "pending": false,
              "context": null,
              "code": "const resultado = await buscarDadoAsync();\nassert.strictEqual(resultado, 'Pipoca');",
              "err": {},
              "uuid": "0cb0b18d-b163-4e77-ac9a-07a39ec437b9",
              "parentUUID": "630dc0ba-d005-4c77-825f-2f4c350b4987",
              "isHook": false,
              "skipped": false
            }
          ],
          "suites": [],
          "passes": [
            "b50147e0-0f11-4fcc-a873-cd1ab1cff606",
            "d179d5b1-722e-4bdf-9685-8ab2ad00efc3",
            "49e1554c-21f3-4a20-b58f-0622e687ab1c",
            "37f29764-48df-4a13-8535-b3a8a57af286",
            "0cb0b18d-b163-4e77-ac9a-07a39ec437b9"
          ],
          "failures": [],
          "pending": [],
          "skipped": [],
          "duration": 119,
          "root": false,
          "rootEmpty": false,
          "_timeout": 2000
        }
      ],
      "passes": [],
      "failures": [],
      "pending": [],
      "skipped": [],
      "duration": 0,
      "root": true,
      "rootEmpty": true,
      "_timeout": 2000
    }
  ],
  "meta": {
    "mocha": {
      "version": "11.5.0"
    },
    "mochawesome": {
      "options": {
        "quiet": false,
        "reportFilename": "mochawesome",
        "saveHtml": true,
        "saveJson": true,
        "consoleReporter": "spec",
        "useInlineDiffs": false,
        "code": true
      },
      "version": "7.1.3"
    },
    "marge": {
      "options": {
        "reportDir": "mochawesome-report",
        "reportFilename": "mochawesome"
      },
      "version": "6.2.0"
    }
  }
}